{"level":"info","time":"2021/12/16 - 22:33:49.376","caller":"D:/programming/golang/src/github.com/web/mian.go:12","message":"连接成功"}
{"level":"info","time":"2021/12/16 - 22:41:38.114","caller":"D:/programming/golang/src/github.com/web/mian.go:12","message":"连接成功"}
{"level":"info","time":"2021/12/16 - 22:41:44.261","caller":"D:/programming/golang/src/github.com/web/service/basis/check.go:16","message":"检测成功"}
{"level":"info","time":"2021/12/16 - 22:41:44.901","caller":"D:/programming/golang/src/github.com/web/service/basis/check.go:16","message":"检测成功"}
{"level":"info","time":"2021/12/16 - 22:41:45.260","caller":"D:/programming/golang/src/github.com/web/service/basis/check.go:16","message":"检测成功"}
{"level":"info","time":"2021/12/16 - 22:41:45.437","caller":"D:/programming/golang/src/github.com/web/service/basis/check.go:16","message":"检测成功"}
{"level":"info","time":"2021/12/16 - 22:42:06.334","caller":"D:/programming/golang/src/github.com/web/service/basis/check.go:16","message":"检测成功"}
{"level":"info","time":"2021/12/16 - 22:42:06.589","caller":"D:/programming/golang/src/github.com/web/service/basis/check.go:16","message":"检测成功"}
{"level":"info","time":"2021/12/16 - 22:42:06.773","caller":"D:/programming/golang/src/github.com/web/service/basis/check.go:16","message":"检测成功"}
{"level":"info","time":"2021/12/16 - 22:42:06.964","caller":"D:/programming/golang/src/github.com/web/service/basis/check.go:16","message":"检测成功"}
{"level":"info","time":"2021/12/16 - 22:42:29.325","caller":"D:/programming/golang/src/github.com/web/service/basis/check.go:16","message":"检测成功"}
{"level":"info","time":"2021/12/16 - 22:42:29.684","caller":"D:/programming/golang/src/github.com/web/service/basis/check.go:16","message":"检测成功"}
{"level":"info","time":"2021/12/16 - 22:42:29.878","caller":"D:/programming/golang/src/github.com/web/service/basis/check.go:16","message":"检测成功"}
{"level":"info","time":"2021/12/16 - 22:42:30.061","caller":"D:/programming/golang/src/github.com/web/service/basis/check.go:16","message":"检测成功"}
{"level":"info","time":"2021/12/16 - 22:44:50.543","caller":"D:/programming/golang/src/github.com/web/service/basis/check.go:16","message":"检测成功"}
{"level":"info","time":"2021/12/16 - 22:45:03.972","caller":"D:/programming/golang/src/github.com/web/service/basis/check.go:16","message":"检测成功"}
{"level":"info","time":"2021/12/16 - 22:45:04.526","caller":"D:/programming/golang/src/github.com/web/service/basis/check.go:16","message":"检测成功"}
{"level":"info","time":"2021/12/16 - 22:45:05.021","caller":"D:/programming/golang/src/github.com/web/service/basis/check.go:16","message":"检测成功"}
{"level":"info","time":"2021/12/16 - 22:45:05.619","caller":"D:/programming/golang/src/github.com/web/service/basis/check.go:16","message":"检测成功"}
{"level":"info","time":"2021/12/16 - 22:45:40.941","caller":"D:/programming/golang/src/github.com/web/service/basis/check.go:16","message":"检测成功"}
{"level":"info","time":"2021/12/16 - 22:45:41.550","caller":"D:/programming/golang/src/github.com/web/service/basis/check.go:16","message":"检测成功"}
{"level":"info","time":"2021/12/16 - 22:45:42.038","caller":"D:/programming/golang/src/github.com/web/service/basis/check.go:16","message":"检测成功"}
{"level":"info","time":"2021/12/16 - 22:45:42.636","caller":"D:/programming/golang/src/github.com/web/service/basis/check.go:16","message":"检测成功"}
{"level":"info","time":"2021/12/16 - 22:45:46.182","caller":"D:/programming/golang/src/github.com/web/service/basis/check.go:16","message":"检测成功"}
{"level":"info","time":"2021/12/16 - 22:45:46.740","caller":"D:/programming/golang/src/github.com/web/service/basis/check.go:16","message":"检测成功"}
{"level":"info","time":"2021/12/16 - 22:45:47.262","caller":"D:/programming/golang/src/github.com/web/service/basis/check.go:16","message":"检测成功"}
{"level":"info","time":"2021/12/16 - 22:45:47.684","caller":"D:/programming/golang/src/github.com/web/service/basis/check.go:16","message":"检测成功"}
{"level":"info","time":"2021/12/16 - 22:45:51.262","caller":"D:/programming/golang/src/github.com/web/service/basis/check.go:16","message":"检测成功"}
{"level":"info","time":"2021/12/16 - 22:45:51.846","caller":"D:/programming/golang/src/github.com/web/service/basis/check.go:16","message":"检测成功"}
{"level":"info","time":"2021/12/16 - 22:45:52.372","caller":"D:/programming/golang/src/github.com/web/service/basis/check.go:16","message":"检测成功"}
{"level":"info","time":"2021/12/16 - 22:45:53.086","caller":"D:/programming/golang/src/github.com/web/service/basis/check.go:16","message":"检测成功"}
{"level":"info","time":"2021/12/16 - 22:45:54.108","caller":"D:/programming/golang/src/github.com/web/service/basis/check.go:16","message":"检测成功"}
{"level":"info","time":"2021/12/16 - 22:45:54.556","caller":"D:/programming/golang/src/github.com/web/service/basis/check.go:16","message":"检测成功"}
{"level":"info","time":"2021/12/16 - 22:45:54.740","caller":"D:/programming/golang/src/github.com/web/service/basis/check.go:16","message":"检测成功"}
{"level":"info","time":"2021/12/16 - 22:45:55.078","caller":"D:/programming/golang/src/github.com/web/service/basis/check.go:16","message":"检测成功"}
{"level":"info","time":"2021/12/16 - 22:45:55.418","caller":"D:/programming/golang/src/github.com/web/service/basis/check.go:16","message":"检测成功"}
{"level":"info","time":"2021/12/16 - 22:45:55.581","caller":"D:/programming/golang/src/github.com/web/service/basis/check.go:16","message":"检测成功"}
{"level":"info","time":"2021/12/16 - 22:46:16.048","caller":"D:/programming/golang/src/github.com/web/service/basis/check.go:16","message":"检测成功"}
{"level":"info","time":"2021/12/16 - 22:47:55.917","caller":"D:/programming/golang/src/github.com/web/service/basis/check.go:16","message":"检测成功"}
{"level":"info","time":"2021/12/16 - 22:47:56.340","caller":"D:/programming/golang/src/github.com/web/service/basis/check.go:16","message":"检测成功"}
{"level":"info","time":"2021/12/16 - 22:47:56.669","caller":"D:/programming/golang/src/github.com/web/service/basis/check.go:16","message":"检测成功"}
{"level":"info","time":"2021/12/16 - 22:47:56.870","caller":"D:/programming/golang/src/github.com/web/service/basis/check.go:16","message":"检测成功"}
{"level":"info","time":"2021/12/16 - 22:47:57.084","caller":"D:/programming/golang/src/github.com/web/service/basis/check.go:16","message":"检测成功"}
{"level":"info","time":"2021/12/16 - 22:47:57.422","caller":"D:/programming/golang/src/github.com/web/service/basis/check.go:16","message":"检测成功"}
{"level":"info","time":"2021/12/16 - 22:48:35.511","caller":"D:/programming/golang/src/github.com/web/service/basis/check.go:16","message":"检测成功"}
{"level":"info","time":"2021/12/16 - 22:48:35.854","caller":"D:/programming/golang/src/github.com/web/service/basis/check.go:16","message":"检测成功"}
{"level":"\u001b[34minfo\u001b[0m","time":"2021/12/16 - 22:50:20.845","caller":"D:/programming/golang/src/github.com/web/service/basis/check.go:16","message":"检测成功"}
{"level":"\u001b[34minfo\u001b[0m","time":"2021/12/16 - 22:50:21.198","caller":"D:/programming/golang/src/github.com/web/service/basis/check.go:16","message":"检测成功"}
{"level":"\u001b[34minfo\u001b[0m","time":"2021/12/16 - 22:50:21.388","caller":"D:/programming/golang/src/github.com/web/service/basis/check.go:16","message":"检测成功"}
{"level":"info","time":"2021/12/16 - 22:51:31.519","caller":"basis/check.go:16","message":"检测成功"}
{"level":"info","time":"2021/12/16 - 22:51:31.717","caller":"basis/check.go:16","message":"检测成功"}
{"level":"info","time":"2021/12/16 - 22:51:31.894","caller":"basis/check.go:16","message":"检测成功"}
{"level":"info","time":"2021/12/16 - 22:51:32.047","caller":"basis/check.go:16","message":"检测成功"}
{"level":"info","time":"2021/12/16 - 22:51:32.435","caller":"basis/check.go:16","message":"检测成功"}
{"level":"info","time":"2021/12/16 - 22:58:29.988","caller":"D:/programming/golang/src/github.com/web/mian.go:15","message":"dsdsdsd"}
{"level":"info","time":"2021/12/16 - 22:58:38.760","caller":"D:/programming/golang/src/github.com/web/service/basis/check.go:16","message":"检测成功"}
{"level":"info","time":"2021/12/16 - 22:58:39.141","caller":"D:/programming/golang/src/github.com/web/service/basis/check.go:16","message":"检测成功"}
{"level":"info","time":"2021/12/16 - 22:58:39.316","caller":"D:/programming/golang/src/github.com/web/service/basis/check.go:16","message":"检测成功"}
{"level":"info","time":"2021/12/16 - 22:58:39.484","caller":"D:/programming/golang/src/github.com/web/service/basis/check.go:16","message":"检测成功"}
{"level":"info","time":"2021/12/16 - 22:58:39.644","caller":"D:/programming/golang/src/github.com/web/service/basis/check.go:16","message":"检测成功"}
{"level":"info","time":"2021/12/16 - 22:58:39.780","caller":"D:/programming/golang/src/github.com/web/service/basis/check.go:16","message":"检测成功"}
{"level":"info","time":"2021/12/16 - 22:58:39.958","caller":"D:/programming/golang/src/github.com/web/service/basis/check.go:16","message":"检测成功"}
{"level":"info","time":"2021/12/16 - 22:58:40.069","caller":"D:/programming/golang/src/github.com/web/service/basis/check.go:16","message":"检测成功"}
{"level":"info","time":"2021/12/16 - 22:58:40.244","caller":"D:/programming/golang/src/github.com/web/service/basis/check.go:16","message":"检测成功"}
{"level":"info","time":"2021/12/16 - 23:00:37.686","caller":"D:/programming/golang/src/github.com/web/mian.go:15","message":"dsdsdsd"}
{"level":"info","time":"2021/12/16 - 23:01:15.809","caller":"D:/programming/golang/src/github.com/web/service/basis/check.go:16","message":"检测成功"}
{"level":"info","time":"2021/12/18 - 23:31:30.296","caller":"D:/programming/golang/src/github.com/web/mian.go:15","message":"dsdsdsd"}
{"level":"info","time":"2021/12/18 - 23:32:03.881","caller":"D:/programming/golang/src/github.com/web/service/basis/check.go:16","message":"检测成功"}
{"level":"info","time":"2021/12/18 - 23:32:08.356","caller":"D:/programming/golang/src/github.com/web/service/basis/check.go:16","message":"检测成功"}
{"level":"info","time":"2021/12/18 - 23:32:08.701","caller":"D:/programming/golang/src/github.com/web/service/basis/check.go:16","message":"检测成功"}
{"level":"info","time":"2021/12/18 - 23:32:08.923","caller":"D:/programming/golang/src/github.com/web/service/basis/check.go:16","message":"检测成功"}
{"level":"info","time":"2021/12/18 - 23:32:09.153","caller":"D:/programming/golang/src/github.com/web/service/basis/check.go:16","message":"检测成功"}
{"level":"info","time":"2021/12/18 - 23:33:06.416","caller":"D:/programming/golang/src/github.com/web/service/basis/check.go:16","message":"检测成功"}
{"level":"info","time":"2021/12/19 - 00:10:48.772","caller":"D:/programming/golang/src/github.com/web/mian.go:15","message":"dsdsdsd"}
{"level":"info","time":"2021/12/19 - 00:11:07.273","caller":"D:/programming/golang/src/github.com/web/mian.go:16","message":"dsdsdsd"}
{"level":"info","time":"2021/12/19 - 00:15:27.949","caller":"D:/programming/golang/src/github.com/web/mian.go:16","message":"dsdsdsd"}
{"level":"info","time":"2021/12/19 - 00:16:00.606","caller":"D:/programming/golang/src/github.com/web/mian.go:16","message":"dsdsdsd"}
{"level":"info","time":"2021/12/19 - 00:16:14.720","caller":"D:/programming/golang/src/github.com/web/service/basis/check.go:16","message":"检测成功"}
{"level":"info","time":"2021/12/19 - 00:16:16.023","caller":"D:/programming/golang/src/github.com/web/service/basis/check.go:16","message":"检测成功"}
{"level":"info","time":"2021/12/19 - 00:16:31.135","caller":"D:/programming/golang/src/github.com/web/service/basis/check.go:16","message":"检测成功"}
{"level":"info","time":"2021/12/19 - 00:16:35.362","caller":"D:/programming/golang/src/github.com/web/mian.go:16","message":"dsdsdsd"}
{"level":"info","time":"2021/12/19 - 00:16:47.236","caller":"D:/programming/golang/src/github.com/web/service/basis/check.go:16","message":"检测成功"}
{"level":"info","time":"2021/12/19 - 00:18:31.606","caller":"D:/programming/golang/src/github.com/web/mian.go:16","message":"dsdsdsd"}
{"level":"info","time":"2021/12/19 - 00:20:23.319","caller":"D:/programming/golang/src/github.com/web/service/basis/check.go:16","message":"检测成功"}
{"level":"info","time":"2021/12/19 - 00:24:49.213","caller":"D:/programming/golang/src/github.com/web/utils/viper.go:43","message":"文件被修改了，请注意检查！"}
{"level":"info","time":"2021/12/19 - 00:24:49.217","caller":"D:/programming/golang/src/github.com/web/utils/viper.go:43","message":"文件被修改了，请注意检查！"}
{"level":"info","time":"2021/12/19 - 00:26:10.928","caller":"D:/programming/golang/src/github.com/web/utils/viper.go:43","message":"文件被修改了，请注意检查！"}
{"level":"info","time":"2021/12/19 - 00:26:10.934","caller":"D:/programming/golang/src/github.com/web/utils/viper.go:43","message":"文件被修改了，请注意检查！"}
{"level":"info","time":"2021/12/19 - 00:27:41.092","caller":"D:/programming/golang/src/github.com/web/service/basis/check.go:16","message":"检测成功"}
